-------------------------------------------------------------------------------
Test set: test.java.OpenBrowserTests
-------------------------------------------------------------------------------
Tests run: 6, Failures: 0, Errors: 6, Skipped: 0, Time elapsed: 0.413 s <<< FAILURE! - in test.java.OpenBrowserTests
test.java.OpenBrowserTests.openBrowserAndFailTest  Time elapsed: 0.165 s  <<< ERROR!
java.lang.NullPointerException: Cannot invoke "String.equals(Object)" because the return value of "java.lang.System.getProperty(String)" is null

test.java.OpenBrowserTests.openBrowserAndFailTest  Time elapsed: 0.168 s  <<< ERROR!
java.lang.NullPointerException: Cannot invoke "org.openqa.selenium.WebDriver.quit()" because "this.driver" is null

test.java.OpenBrowserTests.testWithchOnlyPrintInConsole  Time elapsed: 0.004 s  <<< ERROR!
java.lang.NullPointerException: Cannot invoke "String.equals(Object)" because the return value of "java.lang.System.getProperty(String)" is null

test.java.OpenBrowserTests.testWithchOnlyPrintInConsole  Time elapsed: 0.004 s  <<< ERROR!
java.lang.NullPointerException: Cannot invoke "org.openqa.selenium.WebDriver.quit()" because "this.driver" is null

test.java.OpenBrowserTests.openBrowser  Time elapsed: 0.004 s  <<< ERROR!
java.lang.NullPointerException: Cannot invoke "String.equals(Object)" because the return value of "java.lang.System.getProperty(String)" is null

test.java.OpenBrowserTests.openBrowser  Time elapsed: 0.004 s  <<< ERROR!
java.lang.NullPointerException: Cannot invoke "org.openqa.selenium.WebDriver.quit()" because "this.driver" is null

